Streaming transaction logs mentioning HgmcLpipPCCTs9tXquEUAwws6ngonHp3b9aCahtauniq. Confirmed commitment
Transaction executed in slot 236558432:
  Signature: 5f3XDwf16RtDtWzA4x38RsgqpsSLTBQqGFynbENGpMEoPHDtFrdfVYCHwqoNVjcy7aerytgbyhPAHGevxNseqvHg
  Status: Ok
  Log Messages:
    Program HgmcLpipPCCTs9tXquEUAwws6ngonHp3b9aCahtauniq invoke [1]
    Program log: Instruction: MintNft
    Program log: Initializing Mint Ticket
    Program log: CPI Accounts Assigned
    Program log: CPI Program Assigned
    Program log: CPI Context Assigned
    Program TokenkegQfeZyiNwAJbNbGKPFXCWuBvf9Ss623VQ5DA invoke [2]
    Program log: Instruction: MintTo
    Program TokenkegQfeZyiNwAJbNbGKPFXCWuBvf9Ss623VQ5DA consumed 4538 of 190464 compute units
    Program TokenkegQfeZyiNwAJbNbGKPFXCWuBvf9Ss623VQ5DA success
    Program log: Token Minted !!!
    Program log: Account Info Assigned
    Program log: Creator Assigned
    Program metaqbxxUerdq28cj1RbAWkYQm3ybzjb6a8bt518x1s invoke [2]
    Program log: IX: Create Metadata Accounts v3
    Program 11111111111111111111111111111111 invoke [3]
    Program 11111111111111111111111111111111 success
    Program log: Allocate space for the account
    Program 11111111111111111111111111111111 invoke [3]
    Program 11111111111111111111111111111111 success
    Program log: Assign the account to the owning program
    Program 11111111111111111111111111111111 invoke [3]
    Program 11111111111111111111111111111111 success
    Program metaqbxxUerdq28cj1RbAWkYQm3ybzjb6a8bt518x1s consumed 36593 of 181210 compute units
    Program metaqbxxUerdq28cj1RbAWkYQm3ybzjb6a8bt518x1s success
    Program log: Metadata Account Created !!!
    Program log: Master Edition Account Infos Assigned
    Program metaqbxxUerdq28cj1RbAWkYQm3ybzjb6a8bt518x1s invoke [2]
    Program log: V3 Create Master Edition
    Program log: Transfer 2853600 lamports to the new account
    Program 11111111111111111111111111111111 invoke [3]
    Program 11111111111111111111111111111111 success
    Program log: Allocate space for the account
    Program 11111111111111111111111111111111 invoke [3]
    Program 11111111111111111111111111111111 success
    Program log: Assign the account to the owning program
    Program 11111111111111111111111111111111 invoke [3]
    Program 11111111111111111111111111111111 success
    Program TokenkegQfeZyiNwAJbNbGKPFXCWuBvf9Ss623VQ5DA invoke [3]
    Program log: Instruction: SetAuthority
    Program TokenkegQfeZyiNwAJbNbGKPFXCWuBvf9Ss623VQ5DA consumed 3090 of 99830 compute units
    Program TokenkegQfeZyiNwAJbNbGKPFXCWuBvf9Ss623VQ5DA success
    Program TokenkegQfeZyiNwAJbNbGKPFXCWuBvf9Ss623VQ5DA invoke [3]
    Program log: Instruction: SetAuthority
    Program TokenkegQfeZyiNwAJbNbGKPFXCWuBvf9Ss623VQ5DA consumed 3250 of 93670 compute units
    Program TokenkegQfeZyiNwAJbNbGKPFXCWuBvf9Ss623VQ5DA success
    Program metaqbxxUerdq28cj1RbAWkYQm3ybzjb6a8bt518x1s consumed 50235 of 139565 compute units
    Program metaqbxxUerdq28cj1RbAWkYQm3ybzjb6a8bt518x1s success
    Program log: Master Edition Nft Minted !!!
    Program HgmcLpipPCCTs9tXquEUAwws6ngonHp3b9aCahtauniq consumed 111743 of 200000 compute units
    Program HgmcLpipPCCTs9tXquEUAwws6ngonHp3b9aCahtauniq success
